<?xml version="1.0" encoding="UTF-8"?>
<robot generator="Robot 7.3.2 (Python 3.13.7 on win32)" generated="2025-09-17T17:30:39.209341" rpa="false" schemaversion="5">
<suite id="s1" name="Signup" source="c:\Users\Andressa\Documents\PB-Compass\Tests_web\signup.robot">
<test id="s1-t1" name="cadastrar um novo usuario" line="7">
<kw name="New Browser" owner="Browser">
<msg time="2025-09-17T17:30:39.786117" level="INFO">{"browser": "chromium", "headless": false, "chromiumSandbox": false, "devtools": false, "handleSIGHUP": true, "handleSIGINT": true, "handleSIGTERM": true, "slowMo": 0.0, "timeout": 30000.0, "tracesDir": "C:\\Users\\Andressa\\Documents\\PB-Compass\\browser\\traces\\temp\\2fbfc9ef-d778-422c-8133-624c95e0ac20"}</msg>
<msg time="2025-09-17T17:30:40.119659" level="INFO">Starting Browser process C:\Python313\Lib\site-packages\Browser\wrapper\index.js using at 127.0.0.1:49567</msg>
<msg time="2025-09-17T17:30:44.914860" level="INFO">Successfully created browser with options: {"browser":"chromium","headless":false,"chromiumSandbox":false,"devtools":false,"handleSIGHUP":true,"handleSIGINT":true,"handleSIGTERM":true,"slowMo":0,"timeout":30000,"tracesDir":"C:\\Users\\Andressa\\Documents\\PB-Compass\\browser\\traces\\temp\\2fbfc9ef-d778-422c-8133-624c95e0ac20"}</msg>
<arg>browser=chromium</arg>
<arg>headless=false</arg>
<tag>BrowserControl</tag>
<tag>Setter</tag>
<doc>Create a new playwright Browser with specified options.</doc>
<status status="PASS" start="2025-09-17T17:30:39.782832" elapsed="5.132975"/>
</kw>
<kw name="New Page" owner="Browser">
<msg time="2025-09-17T17:30:47.890764" level="INFO">Successfully initialized new page object and opened url: http://localhost:3000/signup</msg>
<msg time="2025-09-17T17:30:47.891440" level="INFO">No context was open. New context was automatically opened when this page is created.</msg>
<arg>http://localhost:3000/signup</arg>
<tag>BrowserControl</tag>
<tag>Setter</tag>
<doc>Open a new Page.</doc>
<status status="PASS" start="2025-09-17T17:30:44.972553" elapsed="2.919902"/>
</kw>
<kw name="Wait For Elements State" owner="Browser">
<msg time="2025-09-17T17:30:48.026496" level="INFO">Waited for Element with selector xpath=//h1 at state visible</msg>
<arg>xpath=//h1</arg>
<arg>visible</arg>
<arg>5</arg>
<tag>PageContent</tag>
<tag>Wait</tag>
<doc>Waits for the element found by ``selector`` to satisfy state option.</doc>
<status status="PASS" start="2025-09-17T17:30:47.897565" elapsed="0.132098"/>
</kw>
<kw name="Get Text" owner="Browser">
<msg time="2025-09-17T17:30:48.107554" level="INFO">Text: 'Faça seu cadastro'</msg>
<arg>xpath=//h1</arg>
<arg>equal</arg>
<arg>Faça seu cadastro</arg>
<tag>Assertion</tag>
<tag>Getter</tag>
<tag>PageContent</tag>
<doc>Returns text attribute of the element found by ``selector``.</doc>
<status status="PASS" start="2025-09-17T17:30:48.030954" elapsed="0.077008"/>
</kw>
<msg time="2025-09-17T17:30:48.152733" level="INFO">Switching context to context=89ac6b78-fb58-42d1-befb-c4f27432488c in CURRENT</msg>
<msg time="2025-09-17T17:30:48.178455" level="INFO">Successfully changed active context: context=89ac6b78-fb58-42d1-befb-c4f27432488c</msg>
<msg time="2025-09-17T17:30:48.400429" level="INFO">Successfully closed Context</msg>
<status status="PASS" start="2025-09-17T17:30:39.766811" elapsed="8.342109"/>
</test>
<doc>casos te teste de do cadastro de usuarios</doc>
<status status="PASS" start="2025-09-17T17:30:39.220587" elapsed="9.199877"/>
</suite>
<statistics>
<total>
<stat pass="1" fail="0" skip="0">All Tests</stat>
</total>
<tag>
</tag>
<suite>
<stat name="Signup" id="s1" pass="1" fail="0" skip="0">Signup</stat>
</suite>
</statistics>
<errors>
</errors>
</robot>
